Arguments: 
  C:\Program Files\nodejs\node.exe C:\Users\nahid\AppData\Roaming\npm\node_modules\yarn\bin\yarn.js dev

PATH: 
  C:\Python310\Scripts\;C:\Python310\;C:\WINDOWS\system32;C:\WINDOWS;C:\WINDOWS\System32\Wbem;C:\WINDOWS\System32\WindowsPowerShell\v1.0\;C:\WINDOWS\System32\OpenSSH\;C:\Program Files\nodejs\;C:\ProgramData\chocolatey\bin;C:\Program Files\dotnet\;C:\Program Files\Git\cmd;C:\Users\nahid\AppData\Local\Microsoft\WindowsApps;C:\Users\nahid\AppData\Roaming\npm;C:\Users\nahid\AppData\Local\Programs\Microsoft VS Code\bin;C:\adb;C:\Users\nahid\.deno\bin

Yarn version: 
  1.22.17

Node version: 
  16.14.0

Platform: 
  win32 x64

Trace: 
  SyntaxError: D:\WEB\Web 2.0\NodeJS\users\backend\package.json: Unexpected token } in JSON at position 194
      at JSON.parse (<anonymous>)
      at C:\Users\nahid\AppData\Roaming\npm\node_modules\yarn\lib\cli.js:1625:59
      at Generator.next (<anonymous>)
      at step (C:\Users\nahid\AppData\Roaming\npm\node_modules\yarn\lib\cli.js:310:30)
      at C:\Users\nahid\AppData\Roaming\npm\node_modules\yarn\lib\cli.js:321:13

npm manifest: 
  {
    "name": "backend",
    "version": "1.0.0",
    "main": "index.js",
    "license": "MIT",
    "scripts": {
      "test": "echo \"Error: no test specified\" && exit 1",
      "dev": "nodemon index.js",
    }
  }

yarn manifest: 
  No manifest

Lockfile: 
  No lockfile
